TN:
SF:app\controllers\authController.js
FN:13,(anonymous_0)
FN:20,(anonymous_1)
FN:29,(anonymous_2)
FN:34,(anonymous_3)
FN:49,setToken
FN:56,encryptDBPassword
FNF:6
FNH:6
FNDA:3,(anonymous_0)
FNDA:2,(anonymous_1)
FNDA:6,(anonymous_2)
FNDA:5,(anonymous_3)
FNDA:3,setToken
FNDA:2,encryptDBPassword
DA:1,1
DA:2,1
DA:3,1
DA:4,1
DA:5,1
DA:7,1
DA:11,1
DA:13,1
DA:14,3
DA:15,3
DA:16,1
DA:18,2
DA:19,2
DA:20,2
DA:21,2
DA:22,1
DA:24,1
DA:29,1
DA:30,6
DA:31,6
DA:32,6
DA:33,5
DA:34,5
DA:35,5
DA:36,4
DA:37,3
DA:38,3
DA:39,3
DA:41,1
DA:43,1
DA:46,1
DA:50,3
DA:51,3
DA:52,3
DA:53,3
DA:57,2
DA:58,2
DA:59,2
DA:62,1
LF:39
LH:39
BRDA:15,0,0,1
BRDA:15,0,1,2
BRDA:21,1,0,1
BRDA:21,1,1,1
BRDA:32,2,0,5
BRDA:32,2,1,1
BRDA:32,3,0,6
BRDA:32,3,1,5
BRDA:35,4,0,4
BRDA:35,4,1,1
BRDA:35,5,0,5
BRDA:35,5,1,5
BRDA:36,6,0,3
BRDA:36,6,1,1
BRF:14
BRH:14
end_of_record
TN:
SF:app\controllers\usersController.js
FN:7,(anonymous_0)
FN:9,(anonymous_1)
FN:17,(anonymous_2)
FN:19,(anonymous_3)
FNF:4
FNH:4
FNDA:1,(anonymous_0)
FNDA:1,(anonymous_1)
FNDA:1,(anonymous_2)
FNDA:1,(anonymous_3)
DA:1,1
DA:2,1
DA:5,1
DA:7,1
DA:8,1
DA:9,1
DA:10,1
DA:11,1
DA:13,0
DA:17,1
DA:18,1
DA:19,1
DA:20,1
DA:21,1
DA:23,0
DA:27,1
LF:16
LH:14
BRDA:10,0,0,1
BRDA:10,0,1,0
BRDA:10,1,0,1
BRDA:10,1,1,1
BRDA:20,2,0,1
BRDA:20,2,1,0
BRDA:20,3,0,1
BRDA:20,3,1,1
BRF:8
BRH:6
end_of_record
TN:
SF:app\middleware\middleware.js
FN:10,readKey
FN:14,(anonymous_1)
FN:23,tokenProvided
FN:30,(anonymous_3)
FN:33,(anonymous_4)
FN:43,(anonymous_5)
FN:46,(anonymous_6)
FNF:7
FNH:7
FNDA:19,readKey
FNDA:10,(anonymous_1)
FNDA:12,tokenProvided
FNDA:8,(anonymous_3)
FNDA:7,(anonymous_4)
FNDA:4,(anonymous_5)
FNDA:3,(anonymous_6)
DA:1,1
DA:2,1
DA:3,1
DA:4,1
DA:5,1
DA:6,1
DA:8,1
DA:11,19
DA:14,1
DA:15,10
DA:19,10
DA:20,10
DA:24,12
DA:25,10
DA:27,2
DA:30,1
DA:31,8
DA:32,8
DA:33,7
DA:34,7
DA:35,4
DA:36,4
DA:38,3
DA:43,1
DA:44,4
DA:45,4
DA:46,3
DA:47,3
DA:48,1
DA:49,1
DA:51,2
DA:56,1
LF:32
LH:32
BRDA:20,0,0,1
BRDA:20,0,1,9
BRDA:24,1,0,10
BRDA:24,1,1,2
BRDA:24,2,0,12
BRDA:24,2,1,10
BRDA:32,3,0,7
BRDA:32,3,1,1
BRDA:34,4,0,4
BRDA:34,4,1,3
BRDA:34,5,0,7
BRDA:34,5,1,7
BRDA:45,6,0,3
BRDA:45,6,1,1
BRDA:47,7,0,1
BRDA:47,7,1,2
BRDA:47,8,0,3
BRDA:47,8,1,3
BRF:18
BRH:18
end_of_record
TN:
SF:app\resources\httpCodes.js
FNF:0
FNH:0
DA:1,1
LF:1
LH:1
BRF:0
BRH:0
end_of_record
TN:
SF:app\routes\authRoutes.js
FNF:0
FNH:0
DA:1,1
DA:2,1
DA:3,1
DA:4,1
DA:6,1
DA:7,1
DA:9,1
DA:10,1
DA:12,1
LF:9
LH:9
BRF:0
BRH:0
end_of_record
TN:
SF:app\routes\usersRoutes.js
FNF:0
FNH:0
DA:1,1
DA:2,1
DA:3,1
DA:4,1
DA:6,1
DA:7,1
DA:9,1
DA:10,1
DA:12,1
LF:9
LH:9
BRF:0
BRH:0
end_of_record
