TN:
SF:app\coverageVerification\getDNILetter.js
FN:1,getDNILetter
FNF:1
FNH:1
FNDA:2,getDNILetter
DA:2,2
DA:3,1
DA:5,1
DA:6,1
DA:7,1
DA:11,1
LF:6
LH:6
BRDA:2,0,0,1
BRDA:2,0,1,1
BRF:2
BRH:2
end_of_record
TN:
SF:app\database\database.js
FN:14,(anonymous_0)
FNF:1
FNH:1
FNDA:1,(anonymous_0)
DA:1,1
DA:2,1
DA:3,1
DA:4,1
DA:6,1
DA:14,1
DA:15,1
DA:23,1
LF:8
LH:8
BRDA:15,0,0,0
BRDA:15,0,1,1
BRF:2
BRH:1
end_of_record
TN:
SF:app\database\databaseManager.js
FNF:0
FNH:0
DA:1,1
LF:1
LH:1
BRF:0
BRH:0
end_of_record
TN:
SF:app\routes\getDBVerification.js
FN:4,showDB
FN:6,(anonymous_1)
FNF:2
FNH:2
FNDA:1,showDB
FNDA:1,(anonymous_1)
DA:1,1
DA:2,1
DA:5,1
DA:6,1
DA:7,1
DA:8,0
DA:9,0
DA:11,1
DA:16,1
LF:9
LH:7
BRDA:7,0,0,0
BRDA:7,0,1,1
BRF:2
BRH:1
end_of_record
